<?xml version="1.0" encoding="UTF-8"?>
<!-- Generated by org.testng.reporters.JUnitReportReporter -->
<testsuite hostname="laptopcuatruong" failures="0" tests="12" name="TESTCASES.Test_Add_User2" time="107.396" errors="0" timestamp="2023-12-03T00:21:45 ICT" skipped="0">
  <testcase classname="TESTCASES.Test_Add_User2" name="TC07_test_Add_user" time="4.415"/>
  <system-out/>
  <testcase classname="TESTCASES.Test_Add_User2" name="TC06_test_Add_user" time="12.083"/>
  <system-out/>
  <testcase classname="TESTCASES.Test_Add_User2" name="TC09_test_Add_user" time="7.492"/>
  <system-out/>
  <testcase classname="TESTCASES.Test_Add_User2" name="TC01_test_Add_user" time="15.668"/>
  <system-out/>
  <testcase classname="TESTCASES.Test_Add_User2" name="TC04_test_Add_user" time="11.981"/>
  <system-out/>
  <testcase classname="TESTCASES.Test_Add_User2" name="TC03_test_Add_user" time="7.161"/>
  <system-out/>
  <testcase classname="TESTCASES.Test_Add_User2" name="TC12_test_Add_user" time="2.443"/>
  <system-out/>
  <testcase classname="TESTCASES.Test_Add_User2" name="TC08_test_Add_user" time="11.749"/>
  <system-out/>
  <testcase classname="TESTCASES.Test_Add_User2" name="TC02_test_Add_user" time="7.584"/>
  <system-out/>
  <testcase classname="TESTCASES.Test_Add_User2" name="TC10_test_Add_user" time="7.441"/>
  <system-out/>
  <testcase classname="TESTCASES.Test_Add_User2" name="TC11_test_Add_user" time="7.421"/>
  <system-out/>
  <testcase classname="TESTCASES.Test_Add_User2" name="TC05_test_Add_user" time="11.958"/>
  <system-out/>
</testsuite> <!-- TESTCASES.Test_Add_User2 -->
