<?xml version="1.0" encoding="UTF-8"?>
<!-- Generated by org.testng.reporters.JUnitReportReporter -->
<testsuite hostname="laptopcuatruong" failures="0" tests="3" name="TESTCASES.Test_Preview_User2" time="13.853" errors="0" timestamp="2023-11-08T01:55:50 ICT" skipped="0">
  <testcase classname="TESTCASES.Test_Preview_User2" name="TC01_test_Preview_User" time="7.045"/>
  <system-out/>
  <testcase classname="TESTCASES.Test_Preview_User2" name="TC02_test_Preview_User" time="4.357"/>
  <system-out/>
  <testcase classname="TESTCASES.Test_Preview_User2" name="TC03_test_Preview_User" time="2.451"/>
  <system-out/>
</testsuite> <!-- TESTCASES.Test_Preview_User2 -->
