<?xml version="1.0" encoding="UTF-8"?>
<!-- Generated by org.testng.reporters.JUnitReportReporter -->
<testsuite hostname="laptopcuatruong" failures="0" tests="1" name="tuongtacexcel.ExcelReader2" time="0.000" errors="0" timestamp="2023-08-22T23:28:46 ICT" skipped="1">
  <testcase classname="tuongtacexcel.ExcelReader2" name="testDataFromExcel" time="0.000">
    <skipped/>
  </testcase> <!-- testDataFromExcel -->
  <system-out/>
</testsuite> <!-- tuongtacexcel.ExcelReader2 -->
