<?xml version="1.0" encoding="UTF-8"?>
<!-- Generated by org.testng.reporters.JUnitReportReporter -->
<testsuite hostname="laptopcuatruong" failures="0" tests="5" name="TESTCASES.Test_Delete_User2" time="39.663" errors="0" timestamp="2023-11-08T01:25:09 ICT" skipped="0">
  <testcase classname="TESTCASES.Test_Delete_User2" name="TC02_test_Delete_User" time="12.054"/>
  <system-out/>
  <testcase classname="TESTCASES.Test_Delete_User2" name="TC01_test_Delete_User" time="10.818"/>
  <system-out/>
  <testcase classname="TESTCASES.Test_Delete_User2" name="TC03_test_Delete_User" time="9.868"/>
  <system-out/>
  <testcase classname="TESTCASES.Test_Delete_User2" name="TC04_test_Delete_User" time="4.620"/>
  <system-out/>
  <testcase classname="TESTCASES.Test_Delete_User2" name="TC05_test_Delete_User" time="2.303"/>
  <system-out/>
</testsuite> <!-- TESTCASES.Test_Delete_User2 -->
