<?xml version="1.0" encoding="UTF-8"?>
<!-- Generated by org.testng.reporters.JUnitReportReporter -->
<testsuite hostname="laptopcuatruong" failures="0" tests="4" name="TESTCASES.Test_Quickfix_Category2" time="34.624" errors="0" timestamp="2023-11-08T02:55:59 ICT" skipped="0">
  <testcase classname="TESTCASES.Test_Quickfix_Category2" name="TC01_test_Quickfix_Category" time="7.868"/>
  <system-out/>
  <testcase classname="TESTCASES.Test_Quickfix_Category2" name="TC03_test_Quickfix_Category" time="7.653"/>
  <system-out/>
  <testcase classname="TESTCASES.Test_Quickfix_Category2" name="TC04_test_Quickfix_Category" time="11.463"/>
  <system-out/>
  <testcase classname="TESTCASES.Test_Quickfix_Category2" name="TC02_test_Quickfix_Category" time="7.640"/>
  <system-out/>
</testsuite> <!-- TESTCASES.Test_Quickfix_Category2 -->
