<?xml version="1.0" encoding="UTF-8"?>
<!-- Generated by org.testng.reporters.JUnitReportReporter -->
<testsuite hostname="laptopcuatruong" failures="0" tests="5" name="TESTCASES.Test_Delete_User" time="16.551" errors="0" timestamp="2023-10-07T02:46:03 ICT" skipped="0">
  <testcase classname="TESTCASES.Test_Delete_User" name="test_Delete_User" time="3.403"/>
  <system-out/>
  <testcase classname="TESTCASES.Test_Delete_User" name="test_Delete_User" time="3.822"/>
  <system-out/>
  <testcase classname="TESTCASES.Test_Delete_User" name="test_Delete_User" time="3.385"/>
  <system-out/>
  <testcase classname="TESTCASES.Test_Delete_User" name="test_Delete_User" time="2.467"/>
  <system-out/>
  <testcase classname="TESTCASES.Test_Delete_User" name="test_Delete_User" time="3.474"/>
  <system-out/>
</testsuite> <!-- TESTCASES.Test_Delete_User -->
