<?xml version="1.0" encoding="UTF-8"?>
<!-- Generated by org.testng.reporters.JUnitReportReporter -->
<testsuite hostname="laptopcuatruong" failures="0" tests="1" name="TESTCASES.famotchuttest" time="29.377" errors="0" timestamp="2023-10-21T04:23:41 ICT" skipped="0">
  <testcase classname="TESTCASES.famotchuttest" name="test_Add_Article" time="29.377"/>
  <system-out/>
</testsuite> <!-- TESTCASES.famotchuttest -->
