<?xml version="1.0" encoding="UTF-8"?>
<!-- Generated by org.testng.reporters.JUnitReportReporter -->
<testsuite hostname="laptopcuatruong" failures="0" tests="8" name="TESTCASES.Test_Update_Category2" time="80.892" errors="0" timestamp="2023-11-08T02:22:06 ICT" skipped="0">
  <testcase classname="TESTCASES.Test_Update_Category2" name="TC08_test_Update_Category" time="0.234"/>
  <system-out/>
  <testcase classname="TESTCASES.Test_Update_Category2" name="TC07_test_Update_Category" time="4.498"/>
  <system-out/>
  <testcase classname="TESTCASES.Test_Update_Category2" name="TC02_test_Update_Category" time="10.526"/>
  <system-out/>
  <testcase classname="TESTCASES.Test_Update_Category2" name="TC01_test_Update_Category" time="14.015"/>
  <system-out/>
  <testcase classname="TESTCASES.Test_Update_Category2" name="TC06_test_Update_Category" time="12.825"/>
  <system-out/>
  <testcase classname="TESTCASES.Test_Update_Category2" name="TC04_test_Update_Category" time="13.032"/>
  <system-out/>
  <testcase classname="TESTCASES.Test_Update_Category2" name="TC05_test_Update_Category" time="12.871"/>
  <system-out/>
  <testcase classname="TESTCASES.Test_Update_Category2" name="TC03_test_Update_Category" time="12.891"/>
  <system-out/>
</testsuite> <!-- TESTCASES.Test_Update_Category2 -->
