<?xml version="1.0" encoding="UTF-8"?>
<!-- Generated by org.testng.reporters.JUnitReportReporter -->
<testsuite hostname="laptopcuatruong" failures="0" tests="3" name="TESTCASES.Test_Delete_Article2" time="16.912" errors="0" timestamp="2023-11-07T03:17:19 ICT" skipped="0">
  <testcase classname="TESTCASES.Test_Delete_Article2" name="TC01_test_Delete_Article" time="8.960"/>
  <system-out/>
  <testcase classname="TESTCASES.Test_Delete_Article2" name="TC02_test_Delete_Article" time="5.418"/>
  <system-out/>
  <testcase classname="TESTCASES.Test_Delete_Article2" name="TC03_test_Delete_Article" time="2.534"/>
  <system-out/>
</testsuite> <!-- TESTCASES.Test_Delete_Article2 -->
