<?xml version="1.0" encoding="UTF-8"?>
<!-- Generated by org.testng.reporters.JUnitReportReporter -->
<testsuite hostname="laptopcuatruong" failures="0" tests="3" name="TESTCASES.Test_Preview_Category" time="19.784" errors="0" timestamp="2023-12-11T13:10:28 ICT" skipped="0">
  <testcase classname="TESTCASES.Test_Preview_Category" name="test_Preview_Category" time="9.793"/>
  <system-out/>
  <testcase classname="TESTCASES.Test_Preview_Category" name="test_Preview_Category" time="2.375"/>
  <system-out/>
  <testcase classname="TESTCASES.Test_Preview_Category" name="test_Preview_Category" time="7.616"/>
  <system-out/>
</testsuite> <!-- TESTCASES.Test_Preview_Category -->
