<?xml version="1.0" encoding="UTF-8"?>
<!-- Generated by org.testng.reporters.JUnitReportReporter -->
<testsuite hostname="laptopcuatruong" failures="0" tests="1" name="TESTCASES.Test_Preview_User" time="0.000" errors="0" timestamp="2023-12-11T13:09:31 ICT" skipped="1">
  <testcase classname="TESTCASES.Test_Preview_User" name="test_Preview_User" time="0.000">
    <skipped/>
  </testcase> <!-- test_Preview_User -->
  <system-out/>
</testsuite> <!-- TESTCASES.Test_Preview_User -->
