<?xml version="1.0" encoding="UTF-8"?>
<!-- Generated by org.testng.reporters.JUnitReportReporter -->
<testsuite hostname="laptopcuatruong" failures="0" tests="4" name="TESTCASES.Test_Quickfix_Category" time="39.094" errors="0" timestamp="2023-10-15T17:14:30 ICT" skipped="0">
  <testcase classname="TESTCASES.Test_Quickfix_Category" name="test_Quickfix_Category" time="13.254"/>
  <system-out/>
  <testcase classname="TESTCASES.Test_Quickfix_Category" name="test_Quickfix_Category" time="8.998"/>
  <system-out/>
  <testcase classname="TESTCASES.Test_Quickfix_Category" name="test_Quickfix_Category" time="8.364"/>
  <system-out/>
  <testcase classname="TESTCASES.Test_Quickfix_Category" name="test_Quickfix_Category" time="8.478"/>
  <system-out/>
</testsuite> <!-- TESTCASES.Test_Quickfix_Category -->
