<?xml version="1.0" encoding="UTF-8"?>
<!-- Generated by org.testng.reporters.JUnitReportReporter -->
<testsuite hostname="laptopcuatruong" failures="0" tests="6" name="TESTCASES.Test_Update_Category" time="61.457" errors="0" timestamp="2023-10-27T02:45:12 ICT" skipped="0">
  <testcase classname="TESTCASES.Test_Update_Category" name="test_Update_Category" time="12.966"/>
  <system-out/>
  <testcase classname="TESTCASES.Test_Update_Category" name="test_Update_Category" time="4.571"/>
  <system-out/>
  <testcase classname="TESTCASES.Test_Update_Category" name="test_Update_Category" time="13.508"/>
  <system-out/>
  <testcase classname="TESTCASES.Test_Update_Category" name="test_Update_Category" time="13.098"/>
  <system-out/>
  <testcase classname="TESTCASES.Test_Update_Category" name="test_Update_Category" time="4.453"/>
  <system-out/>
  <testcase classname="TESTCASES.Test_Update_Category" name="test_Update_Category" time="12.861"/>
  <system-out/>
</testsuite> <!-- TESTCASES.Test_Update_Category -->
