<?xml version="1.0" encoding="UTF-8"?>
<!-- Generated by org.testng.reporters.JUnitReportReporter -->
<testsuite hostname="laptopcuatruong" failures="0" tests="5" name="TESTCASES.Test_Add_Category2" time="29.019" errors="0" timestamp="2023-11-30T02:11:39 ICT" skipped="0">
  <testcase classname="TESTCASES.Test_Add_Category2" name="TC01_test_Add_Category" time="7.122"/>
  <system-out/>
  <testcase classname="TESTCASES.Test_Add_Category2" name="TC03_test_Add_Category" time="6.494"/>
  <system-out/>
  <testcase classname="TESTCASES.Test_Add_Category2" name="TC02_test_Add_Category" time="6.512"/>
  <system-out/>
  <testcase classname="TESTCASES.Test_Add_Category2" name="TC04_test_Add_Category" time="6.484"/>
  <system-out/>
  <testcase classname="TESTCASES.Test_Add_Category2" name="TC05_test_Add_Category" time="2.407"/>
  <system-out/>
</testsuite> <!-- TESTCASES.Test_Add_Category2 -->
