<?xml version="1.0" encoding="UTF-8"?>
<!-- Generated by org.testng.reporters.JUnitReportReporter -->
<testsuite hostname="laptopcuatruong" failures="0" tests="2" name="TESTCASES.Test_Preview_Article2" time="11.176" errors="0" timestamp="2023-11-07T03:50:06 ICT" skipped="0">
  <testcase classname="TESTCASES.Test_Preview_Article2" name="TC02_test_Preview_Article" time="2.591"/>
  <system-out/>
  <testcase classname="TESTCASES.Test_Preview_Article2" name="TC01_test_Preview_Article" time="8.585"/>
  <system-out/>
</testsuite> <!-- TESTCASES.Test_Preview_Article2 -->
