<?xml version="1.0" encoding="UTF-8"?>
<!-- Generated by org.testng.reporters.JUnitReportReporter -->
<testsuite hostname="laptopcuatruong" failures="0" tests="2" name="TESTCASES.TestPageLoginFail" time="6.814" errors="0" timestamp="2023-08-22T02:30:01 ICT" skipped="0">
  <testcase classname="TESTCASES.TestPageLoginFail" name="testLogin" time="3.358"/>
  <system-out/>
  <testcase classname="TESTCASES.TestPageLoginFail" name="testLogin" time="3.456"/>
  <system-out/>
</testsuite> <!-- TESTCASES.TestPageLoginFail -->
