<?xml version="1.0" encoding="UTF-8"?>
<!-- Generated by org.testng.reporters.JUnitReportReporter -->
<testsuite hostname="laptopcuatruong" failures="0" tests="9" name="TESTCASES.Test_Update_User2" time="98.188" errors="0" timestamp="2023-11-07T05:14:14 ICT" skipped="0">
  <testcase classname="TESTCASES.Test_Update_User2" name="TC01_test_Update_User" time="14.774"/>
  <system-out/>
  <testcase classname="TESTCASES.Test_Update_User2" name="TC04_test_Update_User" time="14.242"/>
  <system-out/>
  <testcase classname="TESTCASES.Test_Update_User2" name="TC03_test_Update_User" time="14.015"/>
  <system-out/>
  <testcase classname="TESTCASES.Test_Update_User2" name="TC06_test_Update_User" time="10.908"/>
  <system-out/>
  <testcase classname="TESTCASES.Test_Update_User2" name="TC02_test_Update_User" time="14.195"/>
  <system-out/>
  <testcase classname="TESTCASES.Test_Update_User2" name="TC08_test_Update_User" time="4.343"/>
  <system-out/>
  <testcase classname="TESTCASES.Test_Update_User2" name="TC07_test_Update_User" time="11.798"/>
  <system-out/>
  <testcase classname="TESTCASES.Test_Update_User2" name="TC09_test_Update_User" time="2.311"/>
  <system-out/>
  <testcase classname="TESTCASES.Test_Update_User2" name="TC05_test_Update_User" time="11.602"/>
  <system-out/>
</testsuite> <!-- TESTCASES.Test_Update_User2 -->
